<?xml version="1.0" encoding="UTF-8"?>
<testsuite xmlns:xsi="http://www.w3.org/2001/XMLSchema-instance" xsi:noNamespaceSchemaLocation="https://maven.apache.org/surefire/maven-surefire-plugin/xsd/surefire-test-report-3.0.xsd" version="3.0" name="department.DepartmentTest" time="0.144" tests="6" errors="0" skipped="0" failures="0">
  <properties>
    <property name="java.specification.version" value="19"/>
    <property name="sun.jnu.encoding" value="UTF-8"/>
    <property name="java.class.path" value="/Users/jim/Dropbox/SPandP/labs/week6/lab6solution/lab6/target/test-classes:/Users/jim/Dropbox/SPandP/labs/week6/lab6solution/lab6/target/classes:/Users/jim/.m2/repository/org/junit/jupiter/junit-jupiter-engine/5.9.0/junit-jupiter-engine-5.9.0.jar:/Users/jim/.m2/repository/org/junit/platform/junit-platform-engine/1.9.0/junit-platform-engine-1.9.0.jar:/Users/jim/.m2/repository/org/opentest4j/opentest4j/1.2.0/opentest4j-1.2.0.jar:/Users/jim/.m2/repository/org/junit/platform/junit-platform-commons/1.9.0/junit-platform-commons-1.9.0.jar:/Users/jim/.m2/repository/org/junit/jupiter/junit-jupiter-api/5.9.0/junit-jupiter-api-5.9.0.jar:/Users/jim/.m2/repository/org/apiguardian/apiguardian-api/1.1.2/apiguardian-api-1.1.2.jar:/Users/jim/.m2/repository/log4j/log4j/1.2.17/log4j-1.2.17.jar:"/>
    <property name="java.vm.vendor" value="Oracle Corporation"/>
    <property name="sun.arch.data.model" value="64"/>
    <property name="java.vendor.url" value="https://java.oracle.com/"/>
    <property name="user.timezone" value="Europe/London"/>
    <property name="os.name" value="Mac OS X"/>
    <property name="java.vm.specification.version" value="19"/>
    <property name="sun.java.launcher" value="SUN_STANDARD"/>
    <property name="user.country" value="GB"/>
    <property name="sun.boot.library.path" value="/Users/jim/Library/Java/JavaVirtualMachines/openjdk-19/Contents/Home/lib"/>
    <property name="sun.java.command" value="/Users/jim/Dropbox/SPandP/labs/week6/lab6solution/lab6/target/surefire/surefirebooter-20240310135458622_3.jar /Users/jim/Dropbox/SPandP/labs/week6/lab6solution/lab6/target/surefire 2024-03-10T13-54-58_499-jvmRun1 surefire-20240310135458622_1tmp surefire_0-20240310135458622_2tmp"/>
    <property name="http.nonProxyHosts" value="local|*.local|169.254/16|*.169.254/16"/>
    <property name="jdk.debug" value="release"/>
    <property name="surefire.test.class.path" value="/Users/jim/Dropbox/SPandP/labs/week6/lab6solution/lab6/target/test-classes:/Users/jim/Dropbox/SPandP/labs/week6/lab6solution/lab6/target/classes:/Users/jim/.m2/repository/org/junit/jupiter/junit-jupiter-engine/5.9.0/junit-jupiter-engine-5.9.0.jar:/Users/jim/.m2/repository/org/junit/platform/junit-platform-engine/1.9.0/junit-platform-engine-1.9.0.jar:/Users/jim/.m2/repository/org/opentest4j/opentest4j/1.2.0/opentest4j-1.2.0.jar:/Users/jim/.m2/repository/org/junit/platform/junit-platform-commons/1.9.0/junit-platform-commons-1.9.0.jar:/Users/jim/.m2/repository/org/junit/jupiter/junit-jupiter-api/5.9.0/junit-jupiter-api-5.9.0.jar:/Users/jim/.m2/repository/org/apiguardian/apiguardian-api/1.1.2/apiguardian-api-1.1.2.jar:/Users/jim/.m2/repository/log4j/log4j/1.2.17/log4j-1.2.17.jar:"/>
    <property name="sun.cpu.endian" value="little"/>
    <property name="user.home" value="/Users/jim"/>
    <property name="user.language" value="en"/>
    <property name="java.specification.vendor" value="Oracle Corporation"/>
    <property name="java.version.date" value="2022-09-20"/>
    <property name="java.home" value="/Users/jim/Library/Java/JavaVirtualMachines/openjdk-19/Contents/Home"/>
    <property name="file.separator" value="/"/>
    <property name="basedir" value="/Users/jim/Dropbox/SPandP/labs/week6/lab6solution/lab6"/>
    <property name="java.vm.compressedOopsMode" value="Zero based"/>
    <property name="line.separator" value="&#10;"/>
    <property name="java.vm.specification.vendor" value="Oracle Corporation"/>
    <property name="java.specification.name" value="Java Platform API Specification"/>
    <property name="apple.awt.application.name" value="ForkedBooter"/>
    <property name="surefire.real.class.path" value="/Users/jim/Dropbox/SPandP/labs/week6/lab6solution/lab6/target/surefire/surefirebooter-20240310135458622_3.jar"/>
    <property name="sun.management.compiler" value="HotSpot 64-Bit Tiered Compilers"/>
    <property name="ftp.nonProxyHosts" value="local|*.local|169.254/16|*.169.254/16"/>
    <property name="java.runtime.version" value="19+36-2238"/>
    <property name="user.name" value="jim"/>
    <property name="stdout.encoding" value="UTF-8"/>
    <property name="path.separator" value=":"/>
    <property name="os.version" value="11.5.1"/>
    <property name="java.runtime.name" value="OpenJDK Runtime Environment"/>
    <property name="file.encoding" value="UTF-8"/>
    <property name="java.vm.name" value="OpenJDK 64-Bit Server VM"/>
    <property name="localRepository" value="/Users/jim/.m2/repository"/>
    <property name="java.vendor.url.bug" value="https://bugreport.java.com/bugreport/"/>
    <property name="java.io.tmpdir" value="/var/folders/mz/fy28f3kx3tqdc94kyrz11l7c0000gn/T/"/>
    <property name="idea.version" value="2022.2.3"/>
    <property name="java.version" value="19"/>
    <property name="user.dir" value="/Users/jim/Dropbox/SPandP/labs/week6/lab6solution/lab6"/>
    <property name="os.arch" value="x86_64"/>
    <property name="java.vm.specification.name" value="Java Virtual Machine Specification"/>
    <property name="native.encoding" value="UTF-8"/>
    <property name="java.library.path" value="/Users/jim/Library/Java/Extensions:/Library/Java/Extensions:/Network/Library/Java/Extensions:/System/Library/Java/Extensions:/usr/lib/java:."/>
    <property name="java.vm.info" value="mixed mode, sharing"/>
    <property name="stderr.encoding" value="UTF-8"/>
    <property name="java.vendor" value="Oracle Corporation"/>
    <property name="java.vm.version" value="19+36-2238"/>
    <property name="sun.io.unicode.encoding" value="UnicodeBig"/>
    <property name="socksNonProxyHosts" value="local|*.local|169.254/16|*.169.254/16"/>
    <property name="java.class.version" value="63.0"/>
  </properties>
  <testcase name="testDeleteValidEmployee" classname="department.DepartmentTest" time="0.033">
    <system-out><![CDATA[2024-03-10 13:54:59 INFO  Department:29 - Employee added : Smith, John
2024-03-10 13:54:59 INFO  Department:29 - Employee added : Bloggs, Fred
2024-03-10 13:54:59 INFO  Department:29 - Employee added : Jones, Thadeus
2024-03-10 13:54:59 ERROR Department:43 - Error in employee search : 789
]]></system-out>
  </testcase>
  <testcase name="testNoOfEmployees" classname="department.DepartmentTest" time="0.004">
    <system-out><![CDATA[2024-03-10 13:54:59 INFO  Department:29 - Employee added : Smith, John
2024-03-10 13:54:59 INFO  Department:29 - Employee added : Bloggs, Fred
2024-03-10 13:54:59 INFO  Department:29 - Employee added : Jones, Thadeus
]]></system-out>
  </testcase>
  <testcase name="testGetName" classname="department.DepartmentTest" time="0.003">
    <system-out><![CDATA[2024-03-10 13:54:59 INFO  Department:29 - Employee added : Smith, John
2024-03-10 13:54:59 INFO  Department:29 - Employee added : Bloggs, Fred
2024-03-10 13:54:59 INFO  Department:29 - Employee added : Jones, Thadeus
]]></system-out>
  </testcase>
  <testcase name="testDeleteInvalidEmployee" classname="department.DepartmentTest" time="0.003">
    <system-out><![CDATA[2024-03-10 13:54:59 INFO  Department:29 - Employee added : Smith, John
2024-03-10 13:54:59 INFO  Department:29 - Employee added : Bloggs, Fred
2024-03-10 13:54:59 INFO  Department:29 - Employee added : Jones, Thadeus
]]></system-out>
  </testcase>
  <testcase name="testSearchForValidEmployee" classname="department.DepartmentTest" time="0.002">
    <system-out><![CDATA[2024-03-10 13:54:59 INFO  Department:29 - Employee added : Smith, John
2024-03-10 13:54:59 INFO  Department:29 - Employee added : Bloggs, Fred
2024-03-10 13:54:59 INFO  Department:29 - Employee added : Jones, Thadeus
]]></system-out>
  </testcase>
  <testcase name="testSearchForInvalidEmployee" classname="department.DepartmentTest" time="0.005">
    <system-out><![CDATA[2024-03-10 13:54:59 INFO  Department:29 - Employee added : Smith, John
2024-03-10 13:54:59 INFO  Department:29 - Employee added : Bloggs, Fred
2024-03-10 13:54:59 INFO  Department:29 - Employee added : Jones, Thadeus
2024-03-10 13:54:59 ERROR Department:43 - Error in employee search : 999
]]></system-out>
  </testcase>
</testsuite>